c:\users\grano\desktop\keg\sandbox\x64\debug\vc142.pdb
c:\users\grano\desktop\keg\sandbox\x64\debug\vc142.idb
c:\users\grano\desktop\keg\sandbox\x64\debug\sandboxapplication.obj
c:\users\grano\desktop\keg\x64\debug\sandbox.pdb
c:\users\grano\desktop\keg\sandbox\x64\debug\sandbox.tlog\cl.command.1.tlog
c:\users\grano\desktop\keg\sandbox\x64\debug\sandbox.tlog\cl.read.1.tlog
c:\users\grano\desktop\keg\sandbox\x64\debug\sandbox.tlog\cl.write.1.tlog
c:\users\grano\desktop\keg\sandbox\x64\debug\sandbox.tlog\link-cvtres.read.1.tlog
c:\users\grano\desktop\keg\sandbox\x64\debug\sandbox.tlog\link-cvtres.write.1.tlog
c:\users\grano\desktop\keg\sandbox\x64\debug\sandbox.tlog\link-rc.read.1.tlog
c:\users\grano\desktop\keg\sandbox\x64\debug\sandbox.tlog\link-rc.write.1.tlog
c:\users\grano\desktop\keg\sandbox\x64\debug\sandbox.tlog\link.6356-cvtres.read.1.tlog
c:\users\grano\desktop\keg\sandbox\x64\debug\sandbox.tlog\link.6356-cvtres.write.1.tlog
c:\users\grano\desktop\keg\sandbox\x64\debug\sandbox.tlog\link.6356-rc.read.1.tlog
c:\users\grano\desktop\keg\sandbox\x64\debug\sandbox.tlog\link.6356-rc.write.1.tlog
c:\users\grano\desktop\keg\sandbox\x64\debug\sandbox.tlog\link.6356.read.1.tlog
c:\users\grano\desktop\keg\sandbox\x64\debug\sandbox.tlog\link.6356.write.1.tlog
c:\users\grano\desktop\keg\sandbox\x64\debug\sandbox.tlog\link.command.1.tlog
c:\users\grano\desktop\keg\sandbox\x64\debug\sandbox.tlog\link.read.1.tlog
c:\users\grano\desktop\keg\sandbox\x64\debug\sandbox.tlog\link.write.1.tlog
